This file contains any messages produced by compilers while
running configure, to aid debugging if configure makes a mistake.

It was created by configure, which was
generated by GNU Autoconf 2.69.  Invocation command line was

  $ ./configure 

## --------- ##
## Platform. ##
## --------- ##

hostname = alex-s-2.fritz.box
uname -m = x86_64
uname -r = 12.6.0
uname -s = Darwin
uname -v = Darwin Kernel Version 12.6.0: Wed Dec 17 19:11:40 PST 2014; root:xnu-2050.48.15~1/RELEASE_X86_64

/usr/bin/uname -p = i386
/bin/uname -X     = unknown

/bin/arch              = unknown
/usr/bin/arch -k       = unknown
/usr/convex/getsysinfo = unknown
/usr/bin/hostinfo      = Mach kernel version:
	 Darwin Kernel Version 12.6.0: Wed Dec 17 19:11:40 PST 2014; root:xnu-2050.48.15~1/RELEASE_X86_64
Kernel configured for up to 8 processors.
4 processors are physically available.
8 processors are logically available.
Processor type: i486 (Intel 80486)
Processors active: 0 1 2 3 4 5 6 7
Primary memory available: 16.00 gigabytes
Default processor set: 189 tasks, 1296 threads, 8 processors
Load average: 1.53, Mach factor: 6.46
/bin/machine           = unknown
/usr/bin/oslevel       = unknown
/bin/universe          = unknown

PATH: /Volumes/Data/ANDROID/android-ndk-r9d
PATH: /Volumes/Data/ANDROID/android-sdk-macosx/tools
PATH: /Volumes/Data/ANDROID/android-sdk-macosx/platform-tools
PATH: /usr/local/bin
PATH: /usr/local/sbin
PATH: /opt/local/bin
PATH: /opt/local/sbin
PATH: /Volumes/Data/Development/Javascript/depot_tools
PATH: /usr/local/mysql/bin
PATH: /Users/alex/cdpr7/_cdp/_cdprogs
PATH: .
PATH: /opt/local/bin
PATH: /opt/local/sbin
PATH: /usr/bin
PATH: /bin
PATH: /usr/sbin
PATH: /sbin
PATH: /usr/local/bin
PATH: /Applications/Xcode.app/Contents/Developer/usr/bin
PATH: /opt/X11/bin
PATH: /usr/local/MacGPG2/bin
PATH: /usr/texbin


## ----------- ##
## Core tests. ##
## ----------- ##

configure:1930: checking build system type
configure:1944: result: x86_64-apple-darwin12.6.0
configure:1964: checking host system type
configure:1977: result: x86_64-apple-darwin12.6.0
configure:1997: checking target system type
configure:2010: result: x86_64-apple-darwin12.6.0
configure:2085: checking for gcc
configure:2101: found /usr/bin/gcc
configure:2112: result: gcc
configure:2341: checking for C compiler version
configure:2350: gcc --version >&5
i686-apple-darwin11-llvm-gcc-4.2 (GCC) 4.2.1 (Based on Apple Inc. build 5658) (LLVM build 2336.11.00)
Copyright (C) 2007 Free Software Foundation, Inc.
This is free software; see the source for copying conditions.  There is NO
warranty; not even for MERCHANTABILITY or FITNESS FOR A PARTICULAR PURPOSE.

configure:2361: $? = 0
configure:2350: gcc -v >&5
Using built-in specs.
Target: i686-apple-darwin11
Configured with: /private/var/tmp/llvmgcc42/llvmgcc42-2336.11~67/src/configure --disable-checking --enable-werror --prefix=/Applications/Xcode.app/Contents/Developer/usr/llvm-gcc-4.2 --mandir=/share/man --enable-languages=c,objc,c++,obj-c++ --program-prefix=llvm- --program-transform-name=/^[cg][^.-]*$/s/$/-4.2/ --with-slibdir=/usr/lib --build=i686-apple-darwin11 --enable-llvm=/private/var/tmp/llvmgcc42/llvmgcc42-2336.11~67/dst-llvmCore/Developer/usr/local --program-prefix=i686-apple-darwin11- --host=x86_64-apple-darwin11 --target=i686-apple-darwin11 --with-gxx-include-dir=/usr/include/c++/4.2.1
Thread model: posix
gcc version 4.2.1 (Based on Apple Inc. build 5658) (LLVM build 2336.11.00)
configure:2361: $? = 0
configure:2350: gcc -V >&5
llvm-gcc-4.2: argument to `-V' is missing
configure:2361: $? = 1
configure:2350: gcc -qversion >&5
i686-apple-darwin11-llvm-gcc-4.2: no input files
configure:2361: $? = 1
configure:2381: checking whether the C compiler works
configure:2403: gcc -arch i386   conftest.c  >&5
configure:2407: $? = 0
configure:2455: result: yes
configure:2458: checking for C compiler default output file name
configure:2460: result: a.out
configure:2466: checking for suffix of executables
configure:2473: gcc -o conftest -arch i386   conftest.c  >&5
configure:2477: $? = 0
configure:2499: result: 
configure:2521: checking whether we are cross compiling
configure:2529: gcc -o conftest -arch i386   conftest.c  >&5
configure:2533: $? = 0
configure:2540: ./conftest
configure:2544: $? = 0
configure:2559: result: no
configure:2564: checking for suffix of object files
configure:2586: gcc -c -arch i386  conftest.c >&5
configure:2590: $? = 0
configure:2611: result: o
configure:2615: checking whether we are using the GNU C compiler
configure:2634: gcc -c -arch i386  conftest.c >&5
configure:2634: $? = 0
configure:2643: result: yes
configure:2652: checking whether gcc accepts -g
configure:2672: gcc -c -g  conftest.c >&5
configure:2672: $? = 0
configure:2713: result: yes
configure:2730: checking for gcc option to accept ISO C89
configure:2793: gcc  -c -arch i386  conftest.c >&5
configure:2793: $? = 0
configure:2806: result: none needed
configure:2872: checking for ranlib
configure:2888: found /usr/bin/ranlib
configure:2899: result: ranlib
configure:2964: checking for ar
configure:2980: found /usr/bin/ar
configure:2991: result: ar
configure:3020: checking how to run the C preprocessor
configure:3051: gcc -E  conftest.c
configure:3051: $? = 0
configure:3065: gcc -E  conftest.c
conftest.c:9:28: error: ac_nonexistent.h: No such file or directory
configure:3065: $? = 1
configure: failed program was:
| /* confdefs.h */
| #define PACKAGE_NAME ""
| #define PACKAGE_TARNAME ""
| #define PACKAGE_VERSION ""
| #define PACKAGE_STRING ""
| #define PACKAGE_BUGREPORT ""
| #define PACKAGE_URL ""
| /* end confdefs.h.  */
| #include <ac_nonexistent.h>
configure:3090: result: gcc -E
configure:3110: gcc -E  conftest.c
configure:3110: $? = 0
configure:3124: gcc -E  conftest.c
conftest.c:9:28: error: ac_nonexistent.h: No such file or directory
configure:3124: $? = 1
configure: failed program was:
| /* confdefs.h */
| #define PACKAGE_NAME ""
| #define PACKAGE_TARNAME ""
| #define PACKAGE_VERSION ""
| #define PACKAGE_STRING ""
| #define PACKAGE_BUGREPORT ""
| #define PACKAGE_URL ""
| /* end confdefs.h.  */
| #include <ac_nonexistent.h>
configure:3153: checking for grep that handles long lines and -e
configure:3211: result: /usr/bin/grep
configure:3216: checking for egrep
configure:3278: result: /usr/bin/grep -E
configure:3283: checking for ANSI C header files
configure:3303: gcc -c -arch i386 -Wall  conftest.c >&5
configure:3303: $? = 0
configure:3376: gcc -o conftest -arch i386 -Wall   conftest.c  >&5
configure:3376: $? = 0
configure:3376: ./conftest
configure:3376: $? = 0
configure:3387: result: yes
configure:3400: checking for sys/types.h
configure:3400: gcc -c -arch i386 -Wall  conftest.c >&5
configure:3400: $? = 0
configure:3400: result: yes
configure:3400: checking for sys/stat.h
configure:3400: gcc -c -arch i386 -Wall  conftest.c >&5
configure:3400: $? = 0
configure:3400: result: yes
configure:3400: checking for stdlib.h
configure:3400: gcc -c -arch i386 -Wall  conftest.c >&5
configure:3400: $? = 0
configure:3400: result: yes
configure:3400: checking for string.h
configure:3400: gcc -c -arch i386 -Wall  conftest.c >&5
configure:3400: $? = 0
configure:3400: result: yes
configure:3400: checking for memory.h
configure:3400: gcc -c -arch i386 -Wall  conftest.c >&5
configure:3400: $? = 0
configure:3400: result: yes
configure:3400: checking for strings.h
configure:3400: gcc -c -arch i386 -Wall  conftest.c >&5
configure:3400: $? = 0
configure:3400: result: yes
configure:3400: checking for inttypes.h
configure:3400: gcc -c -arch i386 -Wall  conftest.c >&5
configure:3400: $? = 0
configure:3400: result: yes
configure:3400: checking for stdint.h
configure:3400: gcc -c -arch i386 -Wall  conftest.c >&5
configure:3400: $? = 0
configure:3400: result: yes
configure:3400: checking for unistd.h
configure:3400: gcc -c -arch i386 -Wall  conftest.c >&5
configure:3400: $? = 0
configure:3400: result: yes
configure:3412: checking whether byte ordering is bigendian
configure:3427: gcc -c -arch i386 -Wall  conftest.c >&5
configure:3427: $? = 0
configure:3472: gcc -c -arch i386 -Wall  conftest.c >&5
configure:3472: $? = 0
configure:3490: gcc -c -arch i386 -Wall  conftest.c >&5
conftest.c: In function 'main':
conftest.c:26: error: 'not' undeclared (first use in this function)
conftest.c:26: error: (Each undeclared identifier is reported only once
conftest.c:26: error: for each function it appears in.)
conftest.c:26: error: expected ';' before 'big'
configure:3490: $? = 1
configure: failed program was:
| /* confdefs.h */
| #define PACKAGE_NAME ""
| #define PACKAGE_TARNAME ""
| #define PACKAGE_VERSION ""
| #define PACKAGE_STRING ""
| #define PACKAGE_BUGREPORT ""
| #define PACKAGE_URL ""
| #define STDC_HEADERS 1
| #define HAVE_SYS_TYPES_H 1
| #define HAVE_SYS_STAT_H 1
| #define HAVE_STDLIB_H 1
| #define HAVE_STRING_H 1
| #define HAVE_MEMORY_H 1
| #define HAVE_STRINGS_H 1
| #define HAVE_INTTYPES_H 1
| #define HAVE_STDINT_H 1
| #define HAVE_UNISTD_H 1
| /* end confdefs.h.  */
| #include <sys/types.h>
| 		#include <sys/param.h>
| 
| int
| main ()
| {
| #if BYTE_ORDER != BIG_ENDIAN
| 		 not big endian
| 		#endif
| 
|   ;
|   return 0;
| }
configure:3618: result: no
configure:3790: creating ./config.status

## ---------------------- ##
## Running config.status. ##
## ---------------------- ##

This file was extended by config.status, which was
generated by GNU Autoconf 2.69.  Invocation command line was

  CONFIG_FILES    = 
  CONFIG_HEADERS  = 
  CONFIG_LINKS    = 
  CONFIG_COMMANDS = 
  $ ./config.status 

on alex-s-2.fritz.box

config.status:737: creating config/config

## ---------------- ##
## Cache variables. ##
## ---------------- ##

ac_cv_build=x86_64-apple-darwin12.6.0
ac_cv_c_bigendian=no
ac_cv_c_compiler_gnu=yes
ac_cv_env_CC_set=
ac_cv_env_CC_value=
ac_cv_env_CFLAGS_set=set
ac_cv_env_CFLAGS_value='-arch i386'
ac_cv_env_CPPFLAGS_set=
ac_cv_env_CPPFLAGS_value=
ac_cv_env_CPP_set=
ac_cv_env_CPP_value=
ac_cv_env_LDFLAGS_set=
ac_cv_env_LDFLAGS_value=
ac_cv_env_LIBS_set=
ac_cv_env_LIBS_value=
ac_cv_env_build_alias_set=
ac_cv_env_build_alias_value=
ac_cv_env_host_alias_set=
ac_cv_env_host_alias_value=
ac_cv_env_target_alias_set=
ac_cv_env_target_alias_value=
ac_cv_header_inttypes_h=yes
ac_cv_header_memory_h=yes
ac_cv_header_stdc=yes
ac_cv_header_stdint_h=yes
ac_cv_header_stdlib_h=yes
ac_cv_header_string_h=yes
ac_cv_header_strings_h=yes
ac_cv_header_sys_stat_h=yes
ac_cv_header_sys_types_h=yes
ac_cv_header_unistd_h=yes
ac_cv_host=x86_64-apple-darwin12.6.0
ac_cv_objext=o
ac_cv_path_EGREP='/usr/bin/grep -E'
ac_cv_path_GREP=/usr/bin/grep
ac_cv_prog_CPP='gcc -E'
ac_cv_prog_ac_ct_AR=ar
ac_cv_prog_ac_ct_CC=gcc
ac_cv_prog_ac_ct_RANLIB=ranlib
ac_cv_prog_cc_c89=
ac_cv_prog_cc_g=yes
ac_cv_target=x86_64-apple-darwin12.6.0

## ----------------- ##
## Output variables. ##
## ----------------- ##

AR='ar'
CC='gcc'
CFLAGS='-arch i386 -Wall'
CPP='gcc -E'
CPPFLAGS=''
DEFS='-DPACKAGE_NAME=\"\" -DPACKAGE_TARNAME=\"\" -DPACKAGE_VERSION=\"\" -DPACKAGE_STRING=\"\" -DPACKAGE_BUGREPORT=\"\" -DPACKAGE_URL=\"\" -DSTDC_HEADERS=1 -DHAVE_SYS_TYPES_H=1 -DHAVE_SYS_STAT_H=1 -DHAVE_STDLIB_H=1 -DHAVE_STRING_H=1 -DHAVE_MEMORY_H=1 -DHAVE_STRINGS_H=1 -DHAVE_INTTYPES_H=1 -DHAVE_STDINT_H=1 -DHAVE_UNISTD_H=1'
ECHO_C='\c'
ECHO_N=''
ECHO_T=''
EGREP='/usr/bin/grep -E'
EXEEXT=''
GREP='/usr/bin/grep'
LDFLAGS=''
LIBOBJS=''
LIBS=''
LTLIBOBJS=''
OBJEXT='o'
PACKAGE_BUGREPORT=''
PACKAGE_NAME=''
PACKAGE_STRING=''
PACKAGE_TARNAME=''
PACKAGE_URL=''
PACKAGE_VERSION=''
PATH_SEPARATOR=':'
RANLIB='ranlib'
SHELL='/bin/sh'
ac_ct_CC='gcc'
bindir='${exec_prefix}/bin'
build='x86_64-apple-darwin12.6.0'
build_alias=''
build_cpu='x86_64'
build_os='darwin12.6.0'
build_vendor='apple'
datadir='${datarootdir}'
datarootdir='${prefix}/share'
docdir='${datarootdir}/doc/${PACKAGE}'
dvidir='${docdir}'
exec_prefix='${prefix}'
host='x86_64-apple-darwin12.6.0'
host_alias=''
host_cpu='x86_64'
host_os='darwin12.6.0'
host_vendor='apple'
htmldir='${docdir}'
includedir='${prefix}/include'
infodir='${datarootdir}/info'
libdir='${exec_prefix}/lib'
libexecdir='${exec_prefix}/libexec'
localedir='${datarootdir}/locale'
localstatedir='${prefix}/var'
mandir='${datarootdir}/man'
oldincludedir='/usr/include'
pdfdir='${docdir}'
prefix='/usr/local'
program_transform_name='s,x,x,'
psdir='${docdir}'
sbindir='${exec_prefix}/sbin'
sharedstatedir='${prefix}/com'
sysconfdir='${prefix}/etc'
target='x86_64-apple-darwin12.6.0'
target_alias=''
target_cpu='x86_64'
target_os='darwin12.6.0'
target_vendor='apple'

## ----------- ##
## confdefs.h. ##
## ----------- ##

/* confdefs.h */
#define PACKAGE_NAME ""
#define PACKAGE_TARNAME ""
#define PACKAGE_VERSION ""
#define PACKAGE_STRING ""
#define PACKAGE_BUGREPORT ""
#define PACKAGE_URL ""
#define STDC_HEADERS 1
#define HAVE_SYS_TYPES_H 1
#define HAVE_SYS_STAT_H 1
#define HAVE_STDLIB_H 1
#define HAVE_STRING_H 1
#define HAVE_MEMORY_H 1
#define HAVE_STRINGS_H 1
#define HAVE_INTTYPES_H 1
#define HAVE_STDINT_H 1
#define HAVE_UNISTD_H 1

configure: exit 0
